<?xml version="1.0" encoding="UTF-8"?>
<robot generator="Robot 4.1 (Python 3.9.6 on win32)" generated="20211124 09:52:07.653" rpa="false" schemaversion="2">
<suite id="s1" name="Login" source="E:\apna\TestCase\Login.robot">
<test id="s1-t1" name="Open the Application">
<kw name="Launch Apna App" library="apnakeywords">
<kw name="Open Application" library="AppiumLibrary">
<arg>${Port_Number}</arg>
<arg>platformName=${Platform_Name}</arg>
<arg>deviceName=${Device_Name}</arg>
<arg>app=${App_Path}</arg>
<doc>Opens a new application to given Appium server.
Capabilities of appium server, Android and iOS,
Please check https://github.com/appium/appium/blob/master/docs/en/writing-running-appium/server-args.md
| *Option*            | *Man.* | *Description*     |
| remote_url          | Yes    | Appium server url |
| alias               | no     | alias             |</doc>
<status status="PASS" starttime="20211124 09:52:08.568" endtime="20211124 09:52:48.303"/>
</kw>
<status status="PASS" starttime="20211124 09:52:08.567" endtime="20211124 09:52:48.303"/>
</kw>
<status status="PASS" starttime="20211124 09:52:08.566" endtime="20211124 09:52:48.307"/>
</test>
<test id="s1-t2" name="User Login through Mobile">
<kw name="Enter Mobile Number" library="apnakeywords">
<kw name="Wait for text on Screen" library="common">
<arg>${Select_None}</arg>
<kw name="Wait Until Page Contains" library="AppiumLibrary">
<arg>${text}</arg>
<arg>timeout=20s</arg>
<doc>Waits until `text` appears on current page.</doc>
<status status="PASS" starttime="20211124 09:52:48.323" endtime="20211124 09:53:00.715"/>
</kw>
<status status="PASS" starttime="20211124 09:52:48.318" endtime="20211124 09:53:00.716"/>
</kw>
<kw name="Click Text" library="AppiumLibrary">
<arg>${Select_None}</arg>
<doc>Click text identified by ``text``.</doc>
<status status="PASS" starttime="20211124 09:53:00.716" endtime="20211124 09:53:01.510"/>
</kw>
<kw name="Wait for text on Screen" library="common">
<arg>${Mobile_Text}</arg>
<kw name="Wait Until Page Contains" library="AppiumLibrary">
<arg>${text}</arg>
<arg>timeout=20s</arg>
<doc>Waits until `text` appears on current page.</doc>
<status status="PASS" starttime="20211124 09:53:01.511" endtime="20211124 09:53:02.968"/>
</kw>
<status status="PASS" starttime="20211124 09:53:01.510" endtime="20211124 09:53:02.968"/>
</kw>
<kw name="Input Value" library="AppiumLibrary">
<arg>${Mobile_Field}</arg>
<arg>${Mobile_number}</arg>
<doc>Sets the given value into text field identified by `locator`. This is an IOS only keyword, input value makes use of set_value</doc>
<msg timestamp="20211124 09:53:02.972" level="INFO">Setting text '8886786101' into text field 'com.apnatime.debug:id/et_login_number'</msg>
<status status="PASS" starttime="20211124 09:53:02.968" endtime="20211124 09:53:05.080"/>
</kw>
<kw name="Click Element" library="AppiumLibrary">
<arg>${Go_Button}</arg>
<doc>Click element identified by `locator`.</doc>
<msg timestamp="20211124 09:53:05.092" level="INFO">Clicking element 'com.apnatime.debug:id/btn_send'.</msg>
<status status="PASS" starttime="20211124 09:53:05.081" endtime="20211124 09:53:05.700"/>
</kw>
<status status="PASS" starttime="20211124 09:52:48.316" endtime="20211124 09:53:05.700"/>
</kw>
<kw name="Enter OTP Number" library="apnakeywords">
<kw name="Wait for text on Screen" library="common">
<arg>${OTP_Text}</arg>
<kw name="Wait Until Page Contains" library="AppiumLibrary">
<arg>${text}</arg>
<arg>timeout=20s</arg>
<doc>Waits until `text` appears on current page.</doc>
<status status="PASS" starttime="20211124 09:53:05.703" endtime="20211124 09:53:08.779"/>
</kw>
<status status="PASS" starttime="20211124 09:53:05.702" endtime="20211124 09:53:08.780"/>
</kw>
<kw name="Input Text" library="AppiumLibrary">
<arg>${OTP_Field1}</arg>
<arg>3</arg>
<doc>Types the given `text` into text field identified by `locator`.</doc>
<msg timestamp="20211124 09:53:08.788" level="INFO">Typing text '3' into text field 'com.apnatime.debug:id/et_otp1'</msg>
<status status="PASS" starttime="20211124 09:53:08.780" endtime="20211124 09:53:09.810"/>
</kw>
<kw name="Input Text" library="AppiumLibrary">
<arg>${OTP_Field_2}</arg>
<arg>5</arg>
<doc>Types the given `text` into text field identified by `locator`.</doc>
<msg timestamp="20211124 09:53:09.819" level="INFO">Typing text '5' into text field 'com.apnatime.debug:id/et_otp2'</msg>
<status status="PASS" starttime="20211124 09:53:09.811" endtime="20211124 09:53:10.784"/>
</kw>
<kw name="Input Text" library="AppiumLibrary">
<arg>${OTP_Field__3}</arg>
<arg>6</arg>
<doc>Types the given `text` into text field identified by `locator`.</doc>
<msg timestamp="20211124 09:53:10.790" level="INFO">Typing text '6' into text field 'com.apnatime.debug:id/et_otp3'</msg>
<status status="PASS" starttime="20211124 09:53:10.784" endtime="20211124 09:53:11.754"/>
</kw>
<kw name="Input Text" library="AppiumLibrary">
<arg>${OTP_Field___4}</arg>
<arg>3</arg>
<doc>Types the given `text` into text field identified by `locator`.</doc>
<msg timestamp="20211124 09:53:11.764" level="INFO">Typing text '3' into text field 'com.apnatime.debug:id/et_otp4'</msg>
<status status="PASS" starttime="20211124 09:53:11.754" endtime="20211124 09:53:12.839"/>
</kw>
<status status="PASS" starttime="20211124 09:53:05.701" endtime="20211124 09:53:12.840"/>
</kw>
<status status="PASS" starttime="20211124 09:52:48.315" endtime="20211124 09:53:12.841"/>
</test>
<test id="s1-t3" name="User Choose Language">
<kw name="Select English and click Next" library="apnakeywords">
<kw name="Wait for text on Screen" library="common">
<arg>${English}</arg>
<kw name="Wait Until Page Contains" library="AppiumLibrary">
<arg>${text}</arg>
<arg>timeout=20s</arg>
<doc>Waits until `text` appears on current page.</doc>
<status status="PASS" starttime="20211124 09:53:12.846" endtime="20211124 09:53:27.755"/>
</kw>
<status status="PASS" starttime="20211124 09:53:12.845" endtime="20211124 09:53:27.755"/>
</kw>
<kw name="Click Text" library="AppiumLibrary">
<arg>${English}</arg>
<doc>Click text identified by ``text``.</doc>
<status status="PASS" starttime="20211124 09:53:27.755" endtime="20211124 09:53:28.172"/>
</kw>
<kw name="Wait Until Element Is Visible" library="AppiumLibrary">
<arg>${Next_Button}</arg>
<arg>timeout=20s</arg>
<doc>Waits until element specified with `locator` is visible.</doc>
<status status="PASS" starttime="20211124 09:53:28.172" endtime="20211124 09:53:28.809"/>
</kw>
<kw name="Element Should Be Enabled" library="AppiumLibrary">
<arg>${Next_Button}</arg>
<doc>Verifies that element identified with locator is enabled.</doc>
<msg timestamp="20211124 09:53:28.901" level="INFO">Element 'com.apnatime.debug:id/btn_continue' is enabled .</msg>
<status status="PASS" starttime="20211124 09:53:28.810" endtime="20211124 09:53:28.901"/>
</kw>
<kw name="Click Text" library="AppiumLibrary">
<arg>${Next}</arg>
<doc>Click text identified by ``text``.</doc>
<status status="PASS" starttime="20211124 09:53:28.901" endtime="20211124 09:53:29.057"/>
</kw>
<kw name="Wait for text on Screen" library="common">
<arg>${Lets_go}</arg>
<kw name="Wait Until Page Contains" library="AppiumLibrary">
<arg>${text}</arg>
<arg>timeout=20s</arg>
<doc>Waits until `text` appears on current page.</doc>
<status status="PASS" starttime="20211124 09:53:29.058" endtime="20211124 09:53:32.040"/>
</kw>
<status status="PASS" starttime="20211124 09:53:29.058" endtime="20211124 09:53:32.040"/>
</kw>
<kw name="Log Source" library="AppiumLibrary">
<doc>Logs and returns the entire html source of the current page or frame.</doc>
<msg timestamp="20211124 09:53:33.053" level="INFO">&lt;?xml version='1.0' encoding='UTF-8' standalone='yes' ?&gt;
&lt;hierarchy index="0" class="hierarchy" rotation="0" width="1080" height="2088"&gt;
  &lt;android.widget.FrameLayout index="0" package="com.apnatime.debug" class="android.widget.FrameLayout" text="" checkable="false" checked="false" clickable="false" enabled="true" focusable="false" focused="false" long-clickable="false" password="false" scrollable="false" selected="false" bounds="[0,0][1080,2088]" displayed="true"&gt;
    &lt;android.widget.LinearLayout index="0" package="com.apnatime.debug" class="android.widget.LinearLayout" text="" checkable="false" checked="false" clickable="false" enabled="true" focusable="false" focused="false" long-clickable="false" password="false" scrollable="false" selected="false" bounds="[0,0][1080,2088]" displayed="true"&gt;
      &lt;android.widget.FrameLayout index="0" package="com.apnatime.debug" class="android.widget.FrameLayout" text="" checkable="false" checked="false" clickable="false" enabled="true" focusable="false" focused="false" long-clickable="false" password="false" scrollable="false" selected="false" bounds="[0,66][1080,2088]" displayed="true"&gt;
        &lt;android.view.ViewGroup index="0" package="com.apnatime.debug" class="android.view.ViewGroup" text="" resource-id="com.apnatime.debug:id/decor_content_parent" checkable="false" checked="false" clickable="false" enabled="true" focusable="false" focused="false" long-clickable="false" password="false" scrollable="false" selected="false" bounds="[0,66][1080,2088]" displayed="true"&gt;
          &lt;android.widget.FrameLayout index="0" package="com.apnatime.debug" class="android.widget.FrameLayout" text="" resource-id="com.apnatime.debug:id/action_bar_container" checkable="false" checked="false" clickable="false" enabled="true" focusable="false" focused="false" long-clickable="false" password="false" scrollable="false" selected="false" bounds="[0,66][1080,220]" displayed="true"&gt;
            &lt;android.view.ViewGroup index="0" package="com.apnatime.debug" class="android.view.ViewGroup" text="" resource-id="com.apnatime.debug:id/action_bar" checkable="false" checked="false" clickable="false" enabled="true" focusable="false" focused="false" long-clickable="false" password="false" scrollable="false" selected="false" bounds="[0,66][1080,220]" displayed="true"&gt;
              &lt;android.widget.ImageButton index="0" package="com.apnatime.debug" class="android.widget.ImageButton" text="" content-desc="Navigate up" checkable="false" checked="false" clickable="true" enabled="true" focusable="true" focused="false" long-clickable="false" password="false" scrollable="false" selected="false" bounds="[0,66][154,220]" displayed="true" /&gt;
              &lt;android.widget.TextView index="1" package="com.apnatime.debug" class="android.widget.TextView" text="apna" checkable="false" checked="false" clickable="false" enabled="true" focusable="false" focused="false" long-clickable="false" password="false" scrollable="false" selected="false" bounds="[198,91][347,194]" displayed="true" /&gt;
            &lt;/android.view.ViewGroup&gt;
          &lt;/android.widget.FrameLayout&gt;
          &lt;android.widget.FrameLayout index="1" package="com.apnatime.debug" class="android.widget.FrameLayout" text="" resource-id="android:id/content" checkable="false" checked="false" clickable="false" enabled="true" focusable="false" focused="false" long-clickable="false" password="false" scrollable="false" selected="false" bounds="[0,220][1080,2088]" displayed="true"&gt;
            &lt;android.view.ViewGroup index="0" package="com.apnatime.debug" class="android.view.ViewGroup" text="" checkable="false" checked="false" clickable="false" enabled="true" focusable="false" focused="false" long-clickable="false" password="false" scrollable="false" selected="false" bounds="[0,220][1080,2088]" displayed="true"&gt;
              &lt;android.widget.TextView index="0" package="com.apnatime.debug" class="android.widget.TextView" text="Let’s start with creating your visiting card" resource-id="com.apnatime.debug:id/act_make_card_tv_title" checkable="false" checked="false" clickable="false" enabled="true" focusable="false" focused="false" long-clickable="false" password="false" scrollable="false" selected="false" bounds="[143,363][937,543]" displayed="true" /&gt;
              &lt;android.widget.TextView index="1" package="com.apnatime.debug" class="android.widget.TextView" text="This will be your CV/Resume that helps HR, Companies and other professionals to know you" resource-id="com.apnatime.debug:id/act_make_card_tv_subtitle" checkable="false" checked="false" clickable="false" enabled="true" focusable="false" focused="false" long-clickable="false" password="false" scrollable="false" selected="false" bounds="[215,579][865,833]" displayed="true" /&gt;
              &lt;android.widget.ImageView index="2" package="com.apnatime.debug" class="android.widget.ImageView" text="" resource-id="com.apnatime.debug:id/act_make_card_img" checkable="false" checked="false" clickable="false" enabled="true" focusable="false" focused="false" long-clickable="false" password="false" scrollable="false" selected="false" bounds="[0,1128][1080,2088]" displayed="true" /&gt;
              &lt;android.widget.Button index="3" package="com.apnatime.debug" class="android.widget.Button" text="Let’s go!" resource-id="com.apnatime.debug:id/act_make_card_btn_let_go" checkable="false" checked="false" clickable="true" enabled="true" focusable="true" focused="false" long-clickable="false" password="false" scrollable="false" selected="false" bounds="[72,1884][1008,2016]" displayed="true" /&gt;
            &lt;/android.view.ViewGroup&gt;
          &lt;/android.widget.FrameLayout&gt;
        &lt;/android.view.ViewGroup&gt;
      &lt;/android.widget.FrameLayout&gt;
    &lt;/android.widget.LinearLayout&gt;
  &lt;/android.widget.FrameLayout&gt;
&lt;/hierarchy&gt;</msg>
<status status="PASS" starttime="20211124 09:53:32.041" endtime="20211124 09:53:33.053"/>
</kw>
<kw name="Click Text" library="AppiumLibrary">
<arg>${Lets_go}</arg>
<doc>Click text identified by ``text``.</doc>
<status status="PASS" starttime="20211124 09:53:33.053" endtime="20211124 09:53:33.179"/>
</kw>
<status status="PASS" starttime="20211124 09:53:12.844" endtime="20211124 09:53:33.180"/>
</kw>
<status status="PASS" starttime="20211124 09:53:12.843" endtime="20211124 09:53:33.181"/>
</test>
<test id="s1-t4" name="User Visiting Card">
<kw name="Enter User Details(Name,Job City,Job Location)" library="apnakeywords">
<kw name="Wait for text on Screen" library="common">
<arg>${Next}</arg>
<kw name="Wait Until Page Contains" library="AppiumLibrary">
<arg>${text}</arg>
<arg>timeout=20s</arg>
<doc>Waits until `text` appears on current page.</doc>
<status status="PASS" starttime="20211124 09:53:33.186" endtime="20211124 09:53:35.922"/>
</kw>
<status status="PASS" starttime="20211124 09:53:33.184" endtime="20211124 09:53:35.922"/>
</kw>
<kw name="Input Text" library="AppiumLibrary">
<arg>${Name_Feild}</arg>
<arg>${Name}</arg>
<doc>Types the given `text` into text field identified by `locator`.</doc>
<msg timestamp="20211124 09:53:35.933" level="INFO">Typing text 'Akshatha' into text field 'com.apnatime.debug:id/act_profile_info_et_full_name'</msg>
<status status="PASS" starttime="20211124 09:53:35.922" endtime="20211124 09:53:36.940"/>
</kw>
<kw name="Hide Keyboard" library="AppiumLibrary">
<doc>Hides the software keyboard on the device. (optional) In iOS, use `key_name` to press
a particular key, ex. `Done`. In Android, no parameters are used.</doc>
<status status="PASS" starttime="20211124 09:53:36.941" endtime="20211124 09:53:37.226"/>
</kw>
<kw name="Click Element" library="AppiumLibrary">
<arg>${Job_City}</arg>
<doc>Click element identified by `locator`.</doc>
<msg timestamp="20211124 09:53:37.235" level="INFO">Clicking element 'com.apnatime.debug:id/act_profile_info_et_city'.</msg>
<status status="PASS" starttime="20211124 09:53:37.227" endtime="20211124 09:53:37.522"/>
</kw>
<kw name="Wait for text on Screen" library="common">
<arg>${Select_Job_City}</arg>
<kw name="Wait Until Page Contains" library="AppiumLibrary">
<arg>${text}</arg>
<arg>timeout=20s</arg>
<doc>Waits until `text` appears on current page.</doc>
<status status="PASS" starttime="20211124 09:53:37.524" endtime="20211124 09:53:40.528"/>
</kw>
<status status="PASS" starttime="20211124 09:53:37.522" endtime="20211124 09:53:40.529"/>
</kw>
<kw name="Input Text" library="AppiumLibrary">
<arg>${Search_Job_City}</arg>
<arg>${Input_City}</arg>
<doc>Types the given `text` into text field identified by `locator`.</doc>
<msg timestamp="20211124 09:53:40.533" level="INFO">Typing text 'ben' into text field 'com.apnatime.debug:id/search_src_text'</msg>
<status status="PASS" starttime="20211124 09:53:40.529" endtime="20211124 09:53:42.285"/>
</kw>
<kw name="Wait for text on Screen" library="common">
<arg>${City_Name}</arg>
<kw name="Wait Until Page Contains" library="AppiumLibrary">
<arg>${text}</arg>
<arg>timeout=20s</arg>
<doc>Waits until `text` appears on current page.</doc>
<status status="PASS" starttime="20211124 09:53:42.286" endtime="20211124 09:53:42.498"/>
</kw>
<status status="PASS" starttime="20211124 09:53:42.285" endtime="20211124 09:53:42.499"/>
</kw>
<kw name="Click Text" library="AppiumLibrary">
<arg>${City_Name}</arg>
<doc>Click text identified by ``text``.</doc>
<status status="PASS" starttime="20211124 09:53:42.499" endtime="20211124 09:53:43.228"/>
</kw>
<kw name="Wait for text on Screen" library="common">
<arg>${apna}</arg>
<kw name="Wait Until Page Contains" library="AppiumLibrary">
<arg>${text}</arg>
<arg>timeout=20s</arg>
<doc>Waits until `text` appears on current page.</doc>
<status status="PASS" starttime="20211124 09:53:43.230" endtime="20211124 09:53:44.753"/>
</kw>
<status status="PASS" starttime="20211124 09:53:43.229" endtime="20211124 09:53:44.754"/>
</kw>
<kw name="Click Text" library="AppiumLibrary">
<arg>${apna}</arg>
<doc>Click text identified by ``text``.</doc>
<status status="PASS" starttime="20211124 09:53:44.754" endtime="20211124 09:53:46.563"/>
</kw>
<kw name="Wait for text on Screen" library="common">
<arg>${Next}</arg>
<kw name="Wait Until Page Contains" library="AppiumLibrary">
<arg>${text}</arg>
<arg>timeout=20s</arg>
<doc>Waits until `text` appears on current page.</doc>
<status status="PASS" starttime="20211124 09:53:46.564" endtime="20211124 09:53:46.731"/>
</kw>
<status status="PASS" starttime="20211124 09:53:46.563" endtime="20211124 09:53:46.731"/>
</kw>
<kw name="Click Element" library="AppiumLibrary">
<arg>${Job_Location}</arg>
<doc>Click element identified by `locator`.</doc>
<msg timestamp="20211124 09:53:46.736" level="INFO">Clicking element 'com.apnatime.debug:id/act_profile_info_et_location'.</msg>
<status status="PASS" starttime="20211124 09:53:46.731" endtime="20211124 09:53:46.799"/>
</kw>
<kw name="Wait for text on Screen" library="common">
<arg>${Set_Location}</arg>
<kw name="Wait Until Page Contains" library="AppiumLibrary">
<arg>${text}</arg>
<arg>timeout=20s</arg>
<doc>Waits until `text` appears on current page.</doc>
<status status="PASS" starttime="20211124 09:53:46.800" endtime="20211124 09:53:48.886"/>
</kw>
<status status="PASS" starttime="20211124 09:53:46.799" endtime="20211124 09:53:48.886"/>
</kw>
<kw name="Input Text" library="AppiumLibrary">
<arg>${Search_Location}</arg>
<arg>${Location_Name}</arg>
<doc>Types the given `text` into text field identified by `locator`.</doc>
<msg timestamp="20211124 09:53:48.893" level="INFO">Typing text 'Giri' into text field 'com.apnatime.debug:id/act_select_location_etSearchLocation'</msg>
<status status="PASS" starttime="20211124 09:53:48.887" endtime="20211124 09:53:50.975"/>
</kw>
<kw name="Wait for text on Screen" library="common">
<arg>${Full_Location}</arg>
<kw name="Wait Until Page Contains" library="AppiumLibrary">
<arg>${text}</arg>
<arg>timeout=20s</arg>
<doc>Waits until `text` appears on current page.</doc>
<status status="PASS" starttime="20211124 09:53:50.981" endtime="20211124 09:53:52.149"/>
</kw>
<status status="PASS" starttime="20211124 09:53:50.979" endtime="20211124 09:53:52.150"/>
</kw>
<kw name="Click Text" library="AppiumLibrary">
<arg>${Full_Location}</arg>
<doc>Click text identified by ``text``.</doc>
<status status="PASS" starttime="20211124 09:53:52.150" endtime="20211124 09:53:52.277"/>
</kw>
<kw name="Wait for text on Screen" library="common">
<arg>${apna}</arg>
<kw name="Wait Until Page Contains" library="AppiumLibrary">
<arg>${text}</arg>
<arg>timeout=20s</arg>
<doc>Waits until `text` appears on current page.</doc>
<status status="PASS" starttime="20211124 09:53:52.279" endtime="20211124 09:53:53.519"/>
</kw>
<status status="PASS" starttime="20211124 09:53:52.278" endtime="20211124 09:53:53.519"/>
</kw>
<kw name="Click Text" library="AppiumLibrary">
<arg>${apna}</arg>
<doc>Click text identified by ``text``.</doc>
<status status="PASS" starttime="20211124 09:53:53.520" endtime="20211124 09:53:53.632"/>
</kw>
<kw name="Click Element" library="AppiumLibrary">
<arg>${Select_Female}</arg>
<doc>Click element identified by `locator`.</doc>
<msg timestamp="20211124 09:53:53.636" level="INFO">Clicking element 'com.apnatime.debug:id/btn_gender_female'.</msg>
<status status="PASS" starttime="20211124 09:53:53.632" endtime="20211124 09:53:54.352"/>
</kw>
<status status="PASS" starttime="20211124 09:53:33.184" endtime="20211124 09:53:54.352"/>
</kw>
<kw name="Click on Next" library="apnakeywords">
<kw name="Wait Until Element Is Visible" library="AppiumLibrary">
<arg>${Next_Button1}</arg>
<arg>timeout=20s</arg>
<doc>Waits until element specified with `locator` is visible.</doc>
<status status="PASS" starttime="20211124 09:53:54.356" endtime="20211124 09:53:54.435"/>
</kw>
<kw name="Is Keyboard Shown" library="AppiumLibrary">
<doc>Return true if Android keyboard is displayed or False if not displayed
No parameters are used.</doc>
<status status="PASS" starttime="20211124 09:53:54.436" endtime="20211124 09:53:54.516"/>
</kw>
<kw name="Element Should Be Enabled" library="AppiumLibrary">
<arg>${Next_Button1}</arg>
<doc>Verifies that element identified with locator is enabled.</doc>
<msg timestamp="20211124 09:53:54.572" level="INFO">Element 'com.apnatime.debug:id/act_profile_info_btn_continue' is enabled .</msg>
<status status="PASS" starttime="20211124 09:53:54.516" endtime="20211124 09:53:54.572"/>
</kw>
<kw name="Click Text" library="AppiumLibrary">
<arg>${Next}</arg>
<doc>Click text identified by ``text``.</doc>
<status status="PASS" starttime="20211124 09:53:54.573" endtime="20211124 09:53:54.732"/>
</kw>
<status status="PASS" starttime="20211124 09:53:54.355" endtime="20211124 09:53:54.732"/>
</kw>
<status status="PASS" starttime="20211124 09:53:33.182" endtime="20211124 09:53:54.733"/>
</test>
<test id="s1-t5" name="Experience Details">
<kw name="Select Work Experience" library="apnakeywords">
<kw name="Wait for text on Screen" library="common">
<arg>${Work}</arg>
<kw name="Wait Until Page Contains" library="AppiumLibrary">
<arg>${text}</arg>
<arg>timeout=20s</arg>
<doc>Waits until `text` appears on current page.</doc>
<status status="PASS" starttime="20211124 09:53:54.738" endtime="20211124 09:53:57.013"/>
</kw>
<status status="PASS" starttime="20211124 09:53:54.737" endtime="20211124 09:53:57.013"/>
</kw>
<kw name="Click Element" library="AppiumLibrary">
<arg>${No_Work_Experience}</arg>
<doc>Click element identified by `locator`.</doc>
<msg timestamp="20211124 09:53:57.021" level="INFO">Clicking element 'com.apnatime.debug:id/act_education_btn_fresher'.</msg>
<status status="PASS" starttime="20211124 09:53:57.014" endtime="20211124 09:53:57.694"/>
</kw>
<kw name="Click Text" library="AppiumLibrary">
<arg>${Next}</arg>
<doc>Click text identified by ``text``.</doc>
<status status="PASS" starttime="20211124 09:53:57.695" endtime="20211124 09:53:57.874"/>
</kw>
<status status="PASS" starttime="20211124 09:53:54.736" endtime="20211124 09:53:57.874"/>
</kw>
<status status="PASS" starttime="20211124 09:53:54.735" endtime="20211124 09:53:57.876"/>
</test>
<test id="s1-t6" name="User Education Details">
<kw name="User Enters Highest Qualification" library="apnakeywords">
<kw name="Wait for text on Screen" library="common">
<arg>${Education}</arg>
<kw name="Wait Until Page Contains" library="AppiumLibrary">
<arg>${text}</arg>
<arg>timeout=20s</arg>
<doc>Waits until `text` appears on current page.</doc>
<status status="PASS" starttime="20211124 09:53:57.884" endtime="20211124 09:54:01.025"/>
</kw>
<status status="PASS" starttime="20211124 09:53:57.883" endtime="20211124 09:54:01.026"/>
</kw>
<kw name="Log Source" library="AppiumLibrary">
<doc>Logs and returns the entire html source of the current page or frame.</doc>
<msg timestamp="20211124 09:54:01.498" level="INFO">&lt;?xml version='1.0' encoding='UTF-8' standalone='yes' ?&gt;
&lt;hierarchy index="0" class="hierarchy" rotation="0" width="1080" height="2088"&gt;
  &lt;android.widget.FrameLayout index="0" package="com.apnatime.debug" class="android.widget.FrameLayout" text="" checkable="false" checked="false" clickable="false" enabled="true" focusable="false" focused="false" long-clickable="false" password="false" scrollable="false" selected="false" bounds="[0,0][1080,2088]" displayed="true"&gt;
    &lt;android.widget.LinearLayout index="0" package="com.apnatime.debug" class="android.widget.LinearLayout" text="" checkable="false" checked="false" clickable="false" enabled="true" focusable="false" focused="false" long-clickable="false" password="false" scrollable="false" selected="false" bounds="[0,0][1080,2088]" displayed="true"&gt;
      &lt;android.widget.FrameLayout index="0" package="com.apnatime.debug" class="android.widget.FrameLayout" text="" checkable="false" checked="false" clickable="false" enabled="true" focusable="false" focused="false" long-clickable="false" password="false" scrollable="false" selected="false" bounds="[0,66][1080,2088]" displayed="true"&gt;
        &lt;android.view.ViewGroup index="0" package="com.apnatime.debug" class="android.view.ViewGroup" text="" resource-id="com.apnatime.debug:id/decor_content_parent" checkable="false" checked="false" clickable="false" enabled="true" focusable="false" focused="false" long-clickable="false" password="false" scrollable="false" selected="false" bounds="[0,66][1080,2088]" displayed="true"&gt;
          &lt;android.widget.FrameLayout index="0" package="com.apnatime.debug" class="android.widget.FrameLayout" text="" resource-id="com.apnatime.debug:id/action_bar_container" checkable="false" checked="false" clickable="false" enabled="true" focusable="false" focused="false" long-clickable="false" password="false" scrollable="false" selected="false" bounds="[0,66][1080,220]" displayed="true"&gt;
            &lt;android.view.ViewGroup index="0" package="com.apnatime.debug" class="android.view.ViewGroup" text="" resource-id="com.apnatime.debug:id/action_bar" checkable="false" checked="false" clickable="false" enabled="true" focusable="false" focused="false" long-clickable="false" password="false" scrollable="false" selected="false" bounds="[0,66][1080,220]" displayed="true"&gt;
              &lt;android.widget.ImageButton index="0" package="com.apnatime.debug" class="android.widget.ImageButton" text="" content-desc="Navigate up" checkable="false" checked="false" clickable="true" enabled="true" focusable="true" focused="false" long-clickable="false" password="false" scrollable="false" selected="false" bounds="[0,66][154,220]" displayed="true" /&gt;
              &lt;android.widget.TextView index="1" package="com.apnatime.debug" class="android.widget.TextView" text="apna" checkable="false" checked="false" clickable="false" enabled="true" focusable="false" focused="false" long-clickable="false" password="false" scrollable="false" selected="false" bounds="[198,91][347,194]" displayed="true" /&gt;
            &lt;/android.view.ViewGroup&gt;
          &lt;/android.widget.FrameLayout&gt;
          &lt;android.widget.FrameLayout index="1" package="com.apnatime.debug" class="android.widget.FrameLayout" text="" resource-id="android:id/content" checkable="false" checked="false" clickable="false" enabled="true" focusable="false" focused="false" long-clickable="false" password="false" scrollable="false" selected="false" bounds="[0,220][1080,2088]" displayed="true"&gt;
            &lt;android.view.ViewGroup index="0" package="com.apnatime.debug" class="android.view.ViewGroup" text="" resource-id="com.apnatime.debug:id/cl_education_detail" checkable="false" checked="false" clickable="false" enabled="true" focusable="false" focused="false" long-clickable="false" password="false" scrollable="false" selected="false" bounds="[0,220][1080,2088]" displayed="true"&gt;
              &lt;android.widget.ScrollView index="0" package="com.apnatime.debug" class="android.widget.ScrollView" text="" resource-id="com.apnatime.debug:id/act_education_scrollview" checkable="false" checked="false" clickable="false" enabled="true" focusable="true" focused="false" long-clickable="false" password="false" scrollable="false" selected="false" bounds="[0,220][1080,1884]" displayed="true"&gt;
                &lt;android.view.ViewGroup index="0" package="com.apnatime.debug" class="android.view.ViewGroup" text="" checkable="false" checked="false" clickable="false" enabled="true" focusable="false" focused="false" long-clickable="false" password="false" scrollable="false" selected="false" bounds="[0,220][1080,1812]" displayed="true"&gt;
                  &lt;android.view.View index="0" package="com.apnatime.debug" class="android.view.View" text="" checkable="false" checked="false" clickable="false" enabled="true" focusable="false" focused="false" long-clickable="false" password="false" scrollable="false" selected="false" bounds="[0,220][1080,698]" displayed="true" /&gt;
                  &lt;android.widget.TextView index="1" package="com.apnatime.debug" class="android.widget.TextView" text="Let us make your visiting card" resource-id="com.apnatime.debug:id/act_education_tv_title" checkable="false" checked="false" clickable="false" enabled="true" focusable="false" focused="false" long-clickable="false" password="false" scrollable="false" selected="false" bounds="[0,276][1080,379]" displayed="true" /&gt;
                  &lt;android.widget.LinearLayout index="2" package="com.apnatime.debug" class="android.widget.LinearLayout" text="" resource-id="com.apnatime.debug:id/act_education_visitingcard" checkable="false" checked="false" clickable="false" enabled="true" focusable="false" focused="false" long-clickable="false" password="false" scrollable="false" selected="false" bounds="[29,390][1051,962]" displayed="true"&gt;
                    &lt;android.view.ViewGroup index="0" package="com.apnatime.debug" class="android.view.ViewGroup" text="" checkable="false" checked="false" clickable="false" enabled="true" focusable="false" focused="false" long-clickable="false" password="false" scrollable="false" selected="false" bounds="[29,390][1051,962]" displayed="true"&gt;
                      &lt;android.widget.FrameLayout index="0" package="com.apnatime.debug" class="android.widget.FrameLayout" text="" resource-id="com.apnatime.debug:id/row_car_card_view" checkable="false" checked="false" clickable="false" enabled="true" focusable="false" focused="false" long-clickable="false" password="false" scrollable="false" selected="false" bounds="[72,407][1008,945]" displayed="true"&gt;
                        &lt;android.view.ViewGroup index="0" package="com.apnatime.debug" class="android.view.ViewGroup" text="" checkable="false" checked="false" clickable="false" enabled="true" focusable="false" focused="false" long-clickable="false" password="false" scrollable="false" selected="false" bounds="[72,407][1008,945]" displayed="true"&gt;
                          &lt;android.view.View index="0" package="com.apnatime.debug" class="android.view.View" text="" resource-id="com.apnatime.debug:id/row_card_ll_take_picture" checkable="false" checked="false" clickable="true" enabled="true" focusable="true" focused="false" long-clickable="false" password="false" scrollable="false" selected="false" bounds="[72,407][353,945]" displayed="true" /&gt;
                          &lt;android.widget.ImageView index="1" package="com.apnatime.debug" class="android.widget.ImageView" text="" resource-id="com.apnatime.debug:id/row_card_img_profile" checkable="false" checked="false" clickable="true" enabled="true" focusable="true" focused="false" long-clickable="false" password="false" scrollable="false" selected="false" bounds="[72,407][353,945]" displayed="true" /&gt;
                          &lt;android.view.View index="2" package="com.apnatime.debug" class="android.view.View" text="" checkable="false" checked="false" clickable="false" enabled="true" focusable="false" focused="false" long-clickable="false" password="false" scrollable="false" selected="false" bounds="[353,407][1008,945]" displayed="true" /&gt;
                          &lt;android.widget.TextView index="3" package="com.apnatime.debug" class="android.widget.TextView" text="Akshatha" resource-id="com.apnatime.debug:id/row_card_tv_name" checkable="false" checked="false" clickable="false" enabled="true" focusable="false" focused="false" long-clickable="false" password="false" scrollable="false" selected="false" bounds="[359,555][925,615]" displayed="true" /&gt;
                          &lt;android.view.ViewGroup index="4" package="com.apnatime.debug" class="android.view.ViewGroup" text="" resource-id="com.apnatime.debug:id/education_container" checkable="false" checked="false" clickable="false" enabled="true" focusable="false" focused="false" long-clickable="false" password="false" scrollable="false" selected="false" bounds="[761,615][925,659]" displayed="true"&gt;
                            &lt;android.widget.TextView index="0" package="com.apnatime.debug" class="android.widget.TextView" text="Education" resource-id="com.apnatime.debug:id/row_card_tv_education" checkable="false" checked="false" clickable="false" enabled="true" focusable="false" focused="false" long-clickable="false" password="false" scrollable="false" selected="false" bounds="[761,615][925,659]" displayed="true" /&gt;
                          &lt;/android.view.ViewGroup&gt;
                          &lt;android.widget.TextView index="5" package="com.apnatime.debug" class="android.widget.TextView" text="Giri Nagar" resource-id="com.apnatime.debug:id/row_card_tv_location" checkable="false" checked="false" clickable="false" enabled="true" focusable="false" focused="false" long-clickable="false" password="false" scrollable="false" selected="false" bounds="[363,670][925,714]" displayed="true" /&gt;
                          &lt;android.widget.FrameLayout index="6" package="com.apnatime.debug" class="android.widget.FrameLayout" text="" resource-id="com.apnatime.debug:id/frame" checkable="false" checked="false" clickable="false" enabled="true" focusable="false" focused="false" long-clickable="false" password="false" scrollable="false" selected="false" bounds="[353,850][1008,945]" displayed="true"&gt;
                            &lt;android.widget.TextView index="0" package="com.apnatime.debug" class="android.widget.TextView" text="Bengaluru" resource-id="com.apnatime.debug:id/row_card_tv_mobile" checkable="false" checked="false" clickable="false" enabled="true" focusable="false" focused="false" long-clickable="false" password="false" scrollable="false" selected="false" bounds="[692,872][964,923]" displayed="true" /&gt;
                          &lt;/android.widget.FrameLayout&gt;
                        &lt;/android.view.ViewGroup&gt;
                      &lt;/android.widget.FrameLayout&gt;
                    &lt;/android.view.ViewGroup&gt;
                  &lt;/android.widget.LinearLayout&gt;
                  &lt;android.widget.TextView index="3" package="com.apnatime.debug" class="android.widget.TextView" text="Education Details" resource-id="com.apnatime.debug:id/act_education_tv_select_one" checkable="false" checked="false" clickable="false" enabled="true" focusable="false" focused="false" long-clickable="false" password="false" scrollable="false" selected="false" bounds="[72,1048][1008,1114]" displayed="true" /&gt;
                  &lt;android.widget.LinearLayout index="4" package="com.apnatime.debug" class="android.widget.LinearLayout" text="" resource-id="com.apnatime.debug:id/il_education" checkable="false" checked="false" clickable="false" enabled="true" focusable="false" focused="false" long-clickable="false" password="false" scrollable="false" selected="false" bounds="[72,1155][1008,1273]" displayed="true"&gt;
                    &lt;android.widget.FrameLayout index="0" package="com.apnatime.debug" class="android.widget.FrameLayout" text="" checkable="false" checked="false" clickable="false" enabled="true" focusable="false" focused="false" long-clickable="false" password="false" scrollable="false" selected="false" bounds="[72,1170][1008,1273]" displayed="true"&gt;
                      &lt;android.widget.EditText index="0" package="com.apnatime.debug" class="android.widget.EditText" text="Education" resource-id="com.apnatime.debug:id/et_education" checkable="false" checked="false" clickable="true" enabled="true" focusable="false" focused="false" long-clickable="true" password="false" scrollable="false" selected="false" bounds="[72,1170][1008,1273]" displayed="true" /&gt;
                    &lt;/android.widget.FrameLayout&gt;
                  &lt;/android.widget.LinearLayout&gt;
                  &lt;android.widget.TextView index="5" package="com.apnatime.debug" class="android.widget.TextView" text="Provide the current or the highest qualification" resource-id="com.apnatime.debug:id/tv_education_detail_info" checkable="false" checked="false" clickable="false" enabled="true" focusable="false" focused="false" long-clickable="false" password="false" scrollable="false" selected="false" bounds="[72,1301][1008,1345]" displayed="true" /&gt;
                &lt;/android.view.ViewGroup&gt;
              &lt;/android.widget.ScrollView&gt;
              &lt;android.widget.Button index="1" package="com.apnatime.debug" class="android.widget.Button" text="Next" resource-id="com.apnatime.debug:id/act_education_btn_continue" checkable="false" checked="false" clickable="true" enabled="true" focusable="true" focused="false" long-clickable="false" password="false" scrollable="false" selected="false" bounds="[72,1884][1008,2016]" displayed="true" /&gt;
            &lt;/android.view.ViewGroup&gt;
          &lt;/android.widget.FrameLayout&gt;
        &lt;/android.view.ViewGroup&gt;
      &lt;/android.widget.FrameLayout&gt;
    &lt;/android.widget.LinearLayout&gt;
  &lt;/android.widget.FrameLayout&gt;
&lt;/hierarchy&gt;</msg>
<status status="PASS" starttime="20211124 09:54:01.026" endtime="20211124 09:54:01.499"/>
</kw>
<kw name="Click Element" library="AppiumLibrary">
<arg>${Education_Details}</arg>
<doc>Click element identified by `locator`.</doc>
<msg timestamp="20211124 09:54:01.508" level="INFO">Clicking element 'com.apnatime.debug:id/et_education'.</msg>
<status status="PASS" starttime="20211124 09:54:01.499" endtime="20211124 09:54:01.680"/>
</kw>
<kw name="Click Element At Coordinates" library="AppiumLibrary">
<arg>179</arg>
<arg>1796</arg>
<doc>click element at a certain coordinate</doc>
<msg timestamp="20211124 09:54:01.688" level="INFO">Pressing at (179, 1796).</msg>
<status status="PASS" starttime="20211124 09:54:01.681" endtime="20211124 09:54:02.692"/>
</kw>
<status status="PASS" starttime="20211124 09:53:57.882" endtime="20211124 09:54:02.693"/>
</kw>
<kw name="User Enters Degree Details" library="apnakeywords">
<kw name="Input Text" library="AppiumLibrary">
<arg>${Education_Degree}</arg>
<arg>${Degree}</arg>
<doc>Types the given `text` into text field identified by `locator`.</doc>
<msg timestamp="20211124 09:54:02.703" level="INFO">Typing text 'BTech/BE' into text field 'com.apnatime.debug:id/et_degree'</msg>
<status status="PASS" starttime="20211124 09:54:02.694" endtime="20211124 09:54:03.862"/>
</kw>
<kw name="Wait for text on Screen" library="common">
<arg>${trial}</arg>
<kw name="Wait Until Page Contains" library="AppiumLibrary">
<arg>${text}</arg>
<arg>timeout=20s</arg>
<doc>Waits until `text` appears on current page.</doc>
<status status="PASS" starttime="20211124 09:54:03.863" endtime="20211124 09:54:05.856"/>
</kw>
<status status="PASS" starttime="20211124 09:54:03.862" endtime="20211124 09:54:05.856"/>
</kw>
<kw name="Click Text" library="AppiumLibrary">
<arg>${trial}</arg>
<doc>Click text identified by ``text``.</doc>
<status status="PASS" starttime="20211124 09:54:05.857" endtime="20211124 09:54:05.998"/>
</kw>
<status status="PASS" starttime="20211124 09:54:02.693" endtime="20211124 09:54:05.998"/>
</kw>
<kw name="User Enters University Details" library="apnakeywords">
<kw name="Input Text" library="AppiumLibrary">
<arg>${University_Field}</arg>
<arg>${University_Name}</arg>
<doc>Types the given `text` into text field identified by `locator`.</doc>
<msg timestamp="20211124 09:54:06.021" level="INFO">Typing text 'National College, Tiruchirappalli' into text field 'com.apnatime.debug:id/et_college'</msg>
<status status="PASS" starttime="20211124 09:54:06.005" endtime="20211124 09:54:07.365"/>
</kw>
<kw name="Wait for text on Screen" library="common">
<arg>${University_Name}</arg>
<kw name="Wait Until Page Contains" library="AppiumLibrary">
<arg>${text}</arg>
<arg>timeout=20s</arg>
<doc>Waits until `text` appears on current page.</doc>
<status status="PASS" starttime="20211124 09:54:07.367" endtime="20211124 09:54:07.721"/>
</kw>
<status status="PASS" starttime="20211124 09:54:07.366" endtime="20211124 09:54:07.721"/>
</kw>
<kw name="Click Text" library="AppiumLibrary">
<arg>${University_Name}</arg>
<doc>Click text identified by ``text``.</doc>
<status status="PASS" starttime="20211124 09:54:07.722" endtime="20211124 09:54:08.103"/>
</kw>
<kw name="Wait for text on Screen" library="common">
<arg>${Next}</arg>
<kw name="Wait Until Page Contains" library="AppiumLibrary">
<arg>${text}</arg>
<arg>timeout=20s</arg>
<doc>Waits until `text` appears on current page.</doc>
<status status="PASS" starttime="20211124 09:54:08.104" endtime="20211124 09:54:08.288"/>
</kw>
<status status="PASS" starttime="20211124 09:54:08.103" endtime="20211124 09:54:08.289"/>
</kw>
<kw name="Click Text" library="AppiumLibrary">
<arg>${Next}</arg>
<doc>Click text identified by ``text``.</doc>
<status status="PASS" starttime="20211124 09:54:08.289" endtime="20211124 09:54:08.409"/>
</kw>
<status status="PASS" starttime="20211124 09:54:06.004" endtime="20211124 09:54:08.410"/>
</kw>
<status status="PASS" starttime="20211124 09:53:57.881" endtime="20211124 09:54:08.411"/>
</test>
<test id="s1-t7" name="User Category Details">
<kw name="User Enters Job categories" library="apnakeywords">
<kw name="Wait for text on Screen" library="common">
<arg>${Job_Catagory}</arg>
<kw name="Wait Until Page Contains" library="AppiumLibrary">
<arg>${text}</arg>
<arg>timeout=20s</arg>
<doc>Waits until `text` appears on current page.</doc>
<status status="PASS" starttime="20211124 09:54:08.415" endtime="20211124 09:54:11.908"/>
</kw>
<status status="PASS" starttime="20211124 09:54:08.414" endtime="20211124 09:54:11.908"/>
</kw>
<kw name="Click Element" library="AppiumLibrary">
<arg>${Accounts}</arg>
<doc>Click element identified by `locator`.</doc>
<msg timestamp="20211124 09:54:11.917" level="INFO">Clicking element 'com.apnatime.debug:id/row_super_category'.</msg>
<status status="PASS" starttime="20211124 09:54:11.909" endtime="20211124 09:54:13.348"/>
</kw>
<kw name="Click Element" library="AppiumLibrary">
<arg>${Done}</arg>
<doc>Click element identified by `locator`.</doc>
<msg timestamp="20211124 09:54:13.359" level="INFO">Clicking element 'com.apnatime.debug:id/btn_continue'.</msg>
<status status="PASS" starttime="20211124 09:54:13.349" endtime="20211124 09:54:14.025"/>
</kw>
<kw name="Wait for text on Screen" library="common">
<arg>${Skip}</arg>
<kw name="Wait Until Page Contains" library="AppiumLibrary">
<arg>${text}</arg>
<arg>timeout=20s</arg>
<doc>Waits until `text` appears on current page.</doc>
<status status="PASS" starttime="20211124 09:54:14.026" endtime="20211124 09:54:16.000"/>
</kw>
<status status="PASS" starttime="20211124 09:54:14.025" endtime="20211124 09:54:16.001"/>
</kw>
<kw name="Click Text" library="AppiumLibrary">
<arg>${Skip}</arg>
<doc>Click text identified by ``text``.</doc>
<status status="PASS" starttime="20211124 09:54:16.001" endtime="20211124 09:54:16.114"/>
</kw>
<kw name="Wait for text on Screen" library="common">
<arg>${See_Jobs}</arg>
<kw name="Wait Until Page Contains" library="AppiumLibrary">
<arg>${text}</arg>
<arg>timeout=20s</arg>
<doc>Waits until `text` appears on current page.</doc>
<status status="PASS" starttime="20211124 09:54:16.118" endtime="20211124 09:54:19.918"/>
</kw>
<status status="PASS" starttime="20211124 09:54:16.115" endtime="20211124 09:54:19.918"/>
</kw>
<kw name="Click Text" library="AppiumLibrary">
<arg>${See_Jobs}</arg>
<doc>Click text identified by ``text``.</doc>
<status status="PASS" starttime="20211124 09:54:19.919" endtime="20211124 09:54:20.001"/>
</kw>
<status status="PASS" starttime="20211124 09:54:08.413" endtime="20211124 09:54:20.001"/>
</kw>
<status status="PASS" starttime="20211124 09:54:08.412" endtime="20211124 09:54:20.002"/>
</test>
<status status="PASS" starttime="20211124 09:52:07.662" endtime="20211124 09:54:20.006"/>
</suite>
<statistics>
<total>
<stat pass="7" fail="0" skip="0">All Tests</stat>
</total>
<tag>
</tag>
<suite>
<stat pass="7" fail="0" skip="0" id="s1" name="Login">Login</stat>
</suite>
</statistics>
<errors>
</errors>
</robot>
