<?xml version="1.0" encoding="UTF-8"?>
<robot generator="Robot 4.1 (Python 3.9.6 on win32)" generated="20211124 16:20:00.731" rpa="false" schemaversion="2">
<suite id="s1" name="Login" source="E:\apna\TestCase\Login.robot">
<test id="s1-t1" name="Open the Application">
<kw name="Launch Apna App" library="apna_user_login">
<kw name="Open Application" library="AppiumLibrary">
<arg>${Port_Number}</arg>
<arg>platformName=${Platform_Name}</arg>
<arg>deviceName=${Device_Name}</arg>
<arg>app=${App_Path}</arg>
<doc>Opens a new application to given Appium server.
Capabilities of appium server, Android and iOS,
Please check https://github.com/appium/appium/blob/master/docs/en/writing-running-appium/server-args.md
| *Option*            | *Man.* | *Description*     |
| remote_url          | Yes    | Appium server url |
| alias               | no     | alias             |</doc>
<status status="PASS" starttime="20211124 16:20:01.148" endtime="20211124 16:20:25.700"/>
</kw>
<status status="PASS" starttime="20211124 16:20:01.148" endtime="20211124 16:20:25.700"/>
</kw>
<status status="PASS" starttime="20211124 16:20:01.147" endtime="20211124 16:20:25.708"/>
</test>
<test id="s1-t2" name="User Login through Mobile">
<kw name="Enter Mobile Number" library="apna_user_login">
<kw name="Wait for text on Screen and click Text" library="common">
<arg>${Select_None}</arg>
<kw name="Wait Until Page Contains" library="AppiumLibrary">
<arg>${text}</arg>
<arg>timeout=20s</arg>
<doc>Waits until `text` appears on current page.</doc>
<status status="PASS" starttime="20211124 16:20:25.743" endtime="20211124 16:20:30.574"/>
</kw>
<kw name="Click Text" library="AppiumLibrary">
<arg>${text}</arg>
<arg>timeout=20s</arg>
<doc>Click text identified by ``text``.</doc>
<status status="PASS" starttime="20211124 16:20:30.575" endtime="20211124 16:20:31.484"/>
</kw>
<status status="PASS" starttime="20211124 16:20:25.742" endtime="20211124 16:20:31.485"/>
</kw>
<kw name="Wait for text on Screen" library="common">
<arg>${Mobile_Text}</arg>
<kw name="Wait Until Page Contains" library="AppiumLibrary">
<arg>${text}</arg>
<arg>timeout=20s</arg>
<doc>Waits until `text` appears on current page.</doc>
<status status="PASS" starttime="20211124 16:20:31.487" endtime="20211124 16:20:32.482"/>
</kw>
<status status="PASS" starttime="20211124 16:20:31.485" endtime="20211124 16:20:32.482"/>
</kw>
<kw name="Input Value" library="AppiumLibrary">
<arg>${Mobile_Field}</arg>
<arg>${Mobile_number}</arg>
<doc>Sets the given value into text field identified by `locator`. This is an IOS only keyword, input value makes use of set_value</doc>
<msg timestamp="20211124 16:20:32.493" level="INFO">Setting text '8886786119' into text field 'id=et_login_number'</msg>
<status status="PASS" starttime="20211124 16:20:32.482" endtime="20211124 16:20:34.131"/>
</kw>
<kw name="Click Element" library="AppiumLibrary">
<arg>${Go_Button}</arg>
<doc>Click element identified by `locator`.</doc>
<msg timestamp="20211124 16:20:34.140" level="INFO">Clicking element 'id=btn_send'.</msg>
<status status="PASS" starttime="20211124 16:20:34.131" endtime="20211124 16:20:34.745"/>
</kw>
<status status="PASS" starttime="20211124 16:20:25.741" endtime="20211124 16:20:34.745"/>
</kw>
<kw name="Enter OTP Number" library="apna_user_login">
<kw name="Wait for text on Screen and Input Text" library="common">
<arg>${OTP_Text}</arg>
<arg>${OTP_Field1}</arg>
<arg>3</arg>
<kw name="Wait Until Page Contains" library="AppiumLibrary">
<arg>${text}</arg>
<arg>timeout=20s</arg>
<doc>Waits until `text` appears on current page.</doc>
<status status="PASS" starttime="20211124 16:20:34.751" endtime="20211124 16:20:38.288"/>
</kw>
<kw name="Input Text" library="AppiumLibrary">
<arg>${number}</arg>
<arg>timeout=20s</arg>
<doc>Types the given `text` into text field identified by `locator`.</doc>
<msg timestamp="20211124 16:20:38.299" level="INFO">Typing text 'timeout=20s' into text field 'id=et_otp1'</msg>
<status status="PASS" starttime="20211124 16:20:38.289" endtime="20211124 16:20:39.167"/>
</kw>
<status status="PASS" starttime="20211124 16:20:34.750" endtime="20211124 16:20:39.168"/>
</kw>
<kw name="Wait for text on Screen and Input Text" library="common">
<arg>${OTP_Text}</arg>
<arg>${OTP_Field_2}</arg>
<arg>5</arg>
<kw name="Wait Until Page Contains" library="AppiumLibrary">
<arg>${text}</arg>
<arg>timeout=20s</arg>
<doc>Waits until `text` appears on current page.</doc>
<status status="PASS" starttime="20211124 16:20:39.169" endtime="20211124 16:20:39.406"/>
</kw>
<kw name="Input Text" library="AppiumLibrary">
<arg>${number}</arg>
<arg>timeout=20s</arg>
<doc>Types the given `text` into text field identified by `locator`.</doc>
<msg timestamp="20211124 16:20:39.411" level="INFO">Typing text 'timeout=20s' into text field 'id=et_otp2'</msg>
<status status="PASS" starttime="20211124 16:20:39.406" endtime="20211124 16:20:40.143"/>
</kw>
<status status="PASS" starttime="20211124 16:20:39.168" endtime="20211124 16:20:40.143"/>
</kw>
<kw name="Wait for text on Screen and Input Text" library="common">
<arg>${OTP_Text}</arg>
<arg>${OTP_Field__3}</arg>
<arg>6</arg>
<kw name="Wait Until Page Contains" library="AppiumLibrary">
<arg>${text}</arg>
<arg>timeout=20s</arg>
<doc>Waits until `text` appears on current page.</doc>
<status status="PASS" starttime="20211124 16:20:40.144" endtime="20211124 16:20:40.391"/>
</kw>
<kw name="Input Text" library="AppiumLibrary">
<arg>${number}</arg>
<arg>timeout=20s</arg>
<doc>Types the given `text` into text field identified by `locator`.</doc>
<msg timestamp="20211124 16:20:40.403" level="INFO">Typing text 'timeout=20s' into text field 'id=et_otp3'</msg>
<status status="PASS" starttime="20211124 16:20:40.393" endtime="20211124 16:20:41.146"/>
</kw>
<status status="PASS" starttime="20211124 16:20:40.143" endtime="20211124 16:20:41.146"/>
</kw>
<kw name="Wait for text on Screen and Input Text" library="common">
<arg>${OTP_Text}</arg>
<arg>${OTP_Field___4}</arg>
<arg>3</arg>
<kw name="Wait Until Page Contains" library="AppiumLibrary">
<arg>${text}</arg>
<arg>timeout=20s</arg>
<doc>Waits until `text` appears on current page.</doc>
<status status="PASS" starttime="20211124 16:20:41.147" endtime="20211124 16:20:41.440"/>
</kw>
<kw name="Input Text" library="AppiumLibrary">
<arg>${number}</arg>
<arg>timeout=20s</arg>
<doc>Types the given `text` into text field identified by `locator`.</doc>
<msg timestamp="20211124 16:20:41.448" level="INFO">Typing text 'timeout=20s' into text field 'id=et_otp4'</msg>
<status status="PASS" starttime="20211124 16:20:41.440" endtime="20211124 16:20:42.249"/>
</kw>
<status status="PASS" starttime="20211124 16:20:41.146" endtime="20211124 16:20:42.250"/>
</kw>
<status status="PASS" starttime="20211124 16:20:34.746" endtime="20211124 16:20:42.250"/>
</kw>
<status status="PASS" starttime="20211124 16:20:25.731" endtime="20211124 16:20:42.251"/>
</test>
<test id="s1-t3" name="User Choose Language">
<kw name="Select English and click Next" library="apna_user_login">
<kw name="Wait for text on Screen and click Text" library="common">
<arg>${English}</arg>
<kw name="Wait Until Page Contains" library="AppiumLibrary">
<arg>${text}</arg>
<arg>timeout=20s</arg>
<doc>Waits until `text` appears on current page.</doc>
<status status="PASS" starttime="20211124 16:20:42.257" endtime="20211124 16:20:56.646"/>
</kw>
<kw name="Click Text" library="AppiumLibrary">
<arg>${text}</arg>
<arg>timeout=20s</arg>
<doc>Click text identified by ``text``.</doc>
<status status="PASS" starttime="20211124 16:20:56.647" endtime="20211124 16:20:57.109"/>
</kw>
<status status="PASS" starttime="20211124 16:20:42.256" endtime="20211124 16:20:57.109"/>
</kw>
<kw name="Wait for Element to be Enabled" library="common">
<arg>${Next_Button}</arg>
<kw name="Element Should Be Enabled" library="AppiumLibrary">
<arg>${element}</arg>
<arg>timeout=20s</arg>
<doc>Verifies that element identified with locator is enabled.</doc>
<msg timestamp="20211124 16:20:57.857" level="INFO">Element 'id=btn_continue' is enabled .</msg>
<status status="PASS" starttime="20211124 16:20:57.113" endtime="20211124 16:20:57.857"/>
</kw>
<status status="PASS" starttime="20211124 16:20:57.110" endtime="20211124 16:20:57.857"/>
</kw>
<kw name="Wait for Element to be Visible" library="common">
<arg>${Next_Button}</arg>
<kw name="Wait Until Element Is Visible" library="AppiumLibrary">
<arg>${element}</arg>
<arg>timeout=20s</arg>
<doc>Waits until element specified with `locator` is visible.</doc>
<status status="PASS" starttime="20211124 16:20:57.858" endtime="20211124 16:20:57.989"/>
</kw>
<status status="PASS" starttime="20211124 16:20:57.857" endtime="20211124 16:20:57.989"/>
</kw>
<kw name="Click Text" library="AppiumLibrary">
<arg>${Next}</arg>
<doc>Click text identified by ``text``.</doc>
<status status="PASS" starttime="20211124 16:20:57.990" endtime="20211124 16:20:58.194"/>
</kw>
<kw name="Log Source" library="AppiumLibrary">
<doc>Logs and returns the entire html source of the current page or frame.</doc>
<msg timestamp="20211124 16:21:00.315" level="INFO">&lt;?xml version='1.0' encoding='UTF-8' standalone='yes' ?&gt;
&lt;hierarchy index="0" class="hierarchy" rotation="0" width="1080" height="2088"&gt;
  &lt;android.widget.FrameLayout index="0" package="com.apnatime.debug" class="android.widget.FrameLayout" text="" checkable="false" checked="false" clickable="false" enabled="true" focusable="false" focused="false" long-clickable="false" password="false" scrollable="false" selected="false" bounds="[0,0][1080,2088]" displayed="true"&gt;
    &lt;android.widget.LinearLayout index="0" package="com.apnatime.debug" class="android.widget.LinearLayout" text="" checkable="false" checked="false" clickable="false" enabled="true" focusable="false" focused="false" long-clickable="false" password="false" scrollable="false" selected="false" bounds="[0,0][1080,2088]" displayed="true"&gt;
      &lt;android.widget.FrameLayout index="0" package="com.apnatime.debug" class="android.widget.FrameLayout" text="" checkable="false" checked="false" clickable="false" enabled="true" focusable="false" focused="false" long-clickable="false" password="false" scrollable="false" selected="false" bounds="[0,66][1080,2088]" displayed="true"&gt;
        &lt;android.view.ViewGroup index="0" package="com.apnatime.debug" class="android.view.ViewGroup" text="" resource-id="com.apnatime.debug:id/decor_content_parent" checkable="false" checked="false" clickable="false" enabled="true" focusable="false" focused="false" long-clickable="false" password="false" scrollable="false" selected="false" bounds="[0,66][1080,2088]" displayed="true"&gt;
          &lt;android.widget.FrameLayout index="0" package="com.apnatime.debug" class="android.widget.FrameLayout" text="" resource-id="com.apnatime.debug:id/action_bar_container" checkable="false" checked="false" clickable="false" enabled="true" focusable="false" focused="false" long-clickable="false" password="false" scrollable="false" selected="false" bounds="[0,66][1080,220]" displayed="true"&gt;
            &lt;android.view.ViewGroup index="0" package="com.apnatime.debug" class="android.view.ViewGroup" text="" resource-id="com.apnatime.debug:id/action_bar" checkable="false" checked="false" clickable="false" enabled="true" focusable="false" focused="false" long-clickable="false" password="false" scrollable="false" selected="false" bounds="[0,66][1080,220]" displayed="true"&gt;
              &lt;android.widget.ImageButton index="0" package="com.apnatime.debug" class="android.widget.ImageButton" text="" content-desc="Navigate up" checkable="false" checked="false" clickable="true" enabled="true" focusable="true" focused="false" long-clickable="false" password="false" scrollable="false" selected="false" bounds="[0,66][154,220]" displayed="true" /&gt;
              &lt;android.widget.TextView index="1" package="com.apnatime.debug" class="android.widget.TextView" text="apna" checkable="false" checked="false" clickable="false" enabled="true" focusable="false" focused="false" long-clickable="false" password="false" scrollable="false" selected="false" bounds="[198,91][347,194]" displayed="true" /&gt;
            &lt;/android.view.ViewGroup&gt;
          &lt;/android.widget.FrameLayout&gt;
          &lt;android.widget.FrameLayout index="1" package="com.apnatime.debug" class="android.widget.FrameLayout" text="" resource-id="android:id/content" checkable="false" checked="false" clickable="false" enabled="true" focusable="false" focused="false" long-clickable="false" password="false" scrollable="false" selected="false" bounds="[0,220][1080,2088]" displayed="true"&gt;
            &lt;android.view.ViewGroup index="0" package="com.apnatime.debug" class="android.view.ViewGroup" text="" checkable="false" checked="false" clickable="false" enabled="true" focusable="false" focused="false" long-clickable="false" password="false" scrollable="false" selected="false" bounds="[0,220][1080,2088]" displayed="true"&gt;
              &lt;android.widget.TextView index="0" package="com.apnatime.debug" class="android.widget.TextView" text="Let’s start with creating your visiting card" resource-id="com.apnatime.debug:id/act_make_card_tv_title" checkable="false" checked="false" clickable="false" enabled="true" focusable="false" focused="false" long-clickable="false" password="false" scrollable="false" selected="false" bounds="[143,363][937,543]" displayed="true" /&gt;
              &lt;android.widget.TextView index="1" package="com.apnatime.debug" class="android.widget.TextView" text="This will be your CV/Resume that helps HR, Companies and other professionals to know you" resource-id="com.apnatime.debug:id/act_make_card_tv_subtitle" checkable="false" checked="false" clickable="false" enabled="true" focusable="false" focused="false" long-clickable="false" password="false" scrollable="false" selected="false" bounds="[215,579][865,833]" displayed="true" /&gt;
              &lt;android.widget.ImageView index="2" package="com.apnatime.debug" class="android.widget.ImageView" text="" resource-id="com.apnatime.debug:id/act_make_card_img" checkable="false" checked="false" clickable="false" enabled="true" focusable="false" focused="false" long-clickable="false" password="false" scrollable="false" selected="false" bounds="[0,1128][1080,2088]" displayed="true" /&gt;
            &lt;/android.view.ViewGroup&gt;
          &lt;/android.widget.FrameLayout&gt;
        &lt;/android.view.ViewGroup&gt;
      &lt;/android.widget.FrameLayout&gt;
    &lt;/android.widget.LinearLayout&gt;
  &lt;/android.widget.FrameLayout&gt;
&lt;/hierarchy&gt;</msg>
<status status="PASS" starttime="20211124 16:20:58.194" endtime="20211124 16:21:00.315"/>
</kw>
<kw name="Wait for text on Screen and click Text" library="common">
<arg>${Lets_go}</arg>
<kw name="Wait Until Page Contains" library="AppiumLibrary">
<arg>${text}</arg>
<arg>timeout=20s</arg>
<doc>Waits until `text` appears on current page.</doc>
<status status="PASS" starttime="20211124 16:21:00.317" endtime="20211124 16:21:01.435"/>
</kw>
<kw name="Click Text" library="AppiumLibrary">
<arg>${text}</arg>
<arg>timeout=20s</arg>
<doc>Click text identified by ``text``.</doc>
<status status="PASS" starttime="20211124 16:21:01.435" endtime="20211124 16:21:01.763"/>
</kw>
<status status="PASS" starttime="20211124 16:21:00.316" endtime="20211124 16:21:01.765"/>
</kw>
<status status="PASS" starttime="20211124 16:20:42.255" endtime="20211124 16:21:01.765"/>
</kw>
<status status="PASS" starttime="20211124 16:20:42.253" endtime="20211124 16:21:01.768"/>
</test>
<test id="s1-t4" name="User Visiting Card">
<kw name="Enter User Details(Name,Job City,Job Location)" library="apna_user_login">
<kw name="Wait for text on Screen" library="common">
<arg>${Next}</arg>
<kw name="Wait Until Page Contains" library="AppiumLibrary">
<arg>${text}</arg>
<arg>timeout=20s</arg>
<doc>Waits until `text` appears on current page.</doc>
<status status="PASS" starttime="20211124 16:21:01.778" endtime="20211124 16:21:05.252"/>
</kw>
<status status="PASS" starttime="20211124 16:21:01.777" endtime="20211124 16:21:05.253"/>
</kw>
<kw name="Input Text" library="AppiumLibrary">
<arg>${Name_Feild}</arg>
<arg>${Name}</arg>
<doc>Types the given `text` into text field identified by `locator`.</doc>
<msg timestamp="20211124 16:21:05.260" level="INFO">Typing text 'Akshatha' into text field 'id=act_profile_info_et_full_name'</msg>
<status status="PASS" starttime="20211124 16:21:05.253" endtime="20211124 16:21:06.019"/>
</kw>
<kw name="Hide Keyboard" library="AppiumLibrary">
<doc>Hides the software keyboard on the device. (optional) In iOS, use `key_name` to press
a particular key, ex. `Done`. In Android, no parameters are used.</doc>
<status status="PASS" starttime="20211124 16:21:06.019" endtime="20211124 16:21:06.193"/>
</kw>
<kw name="Click Element" library="AppiumLibrary">
<arg>${Job_City}</arg>
<doc>Click element identified by `locator`.</doc>
<msg timestamp="20211124 16:21:06.201" level="INFO">Clicking element 'id=act_profile_info_et_city'.</msg>
<status status="PASS" starttime="20211124 16:21:06.194" endtime="20211124 16:21:06.630"/>
</kw>
<kw name="Wait for text on Screen" library="common">
<arg>${Select_Job_City}</arg>
<kw name="Wait Until Page Contains" library="AppiumLibrary">
<arg>${text}</arg>
<arg>timeout=20s</arg>
<doc>Waits until `text` appears on current page.</doc>
<status status="PASS" starttime="20211124 16:21:06.632" endtime="20211124 16:21:09.813"/>
</kw>
<status status="PASS" starttime="20211124 16:21:06.631" endtime="20211124 16:21:09.814"/>
</kw>
<kw name="Input Text" library="AppiumLibrary">
<arg>${Search_Job_City}</arg>
<arg>${Input_City}</arg>
<doc>Types the given `text` into text field identified by `locator`.</doc>
<msg timestamp="20211124 16:21:09.819" level="INFO">Typing text 'ben' into text field 'id=search_src_text'</msg>
<status status="PASS" starttime="20211124 16:21:09.814" endtime="20211124 16:21:10.878"/>
</kw>
<kw name="Wait for text on Screen and click Text" library="common">
<arg>${City_Name}</arg>
<kw name="Wait Until Page Contains" library="AppiumLibrary">
<arg>${text}</arg>
<arg>timeout=20s</arg>
<doc>Waits until `text` appears on current page.</doc>
<status status="PASS" starttime="20211124 16:21:10.879" endtime="20211124 16:21:11.093"/>
</kw>
<kw name="Click Text" library="AppiumLibrary">
<arg>${text}</arg>
<arg>timeout=20s</arg>
<doc>Click text identified by ``text``.</doc>
<status status="PASS" starttime="20211124 16:21:11.094" endtime="20211124 16:21:11.936"/>
</kw>
<status status="PASS" starttime="20211124 16:21:10.878" endtime="20211124 16:21:11.936"/>
</kw>
<kw name="Wait for text on Screen and click Text" library="common">
<arg>${apna}</arg>
<kw name="Wait Until Page Contains" library="AppiumLibrary">
<arg>${text}</arg>
<arg>timeout=20s</arg>
<doc>Waits until `text` appears on current page.</doc>
<status status="PASS" starttime="20211124 16:21:11.938" endtime="20211124 16:21:13.554"/>
</kw>
<kw name="Click Text" library="AppiumLibrary">
<arg>${text}</arg>
<arg>timeout=20s</arg>
<doc>Click text identified by ``text``.</doc>
<status status="PASS" starttime="20211124 16:21:13.554" endtime="20211124 16:21:14.723"/>
</kw>
<status status="PASS" starttime="20211124 16:21:11.936" endtime="20211124 16:21:14.723"/>
</kw>
<kw name="Wait for text on Screen" library="common">
<arg>${Next}</arg>
<kw name="Wait Until Page Contains" library="AppiumLibrary">
<arg>${text}</arg>
<arg>timeout=20s</arg>
<doc>Waits until `text` appears on current page.</doc>
<status status="PASS" starttime="20211124 16:21:14.724" endtime="20211124 16:21:14.916"/>
</kw>
<status status="PASS" starttime="20211124 16:21:14.723" endtime="20211124 16:21:14.916"/>
</kw>
<kw name="Click Element" library="AppiumLibrary">
<arg>${Job_Location}</arg>
<doc>Click element identified by `locator`.</doc>
<msg timestamp="20211124 16:21:14.922" level="INFO">Clicking element 'id=act_profile_info_et_location'.</msg>
<status status="PASS" starttime="20211124 16:21:14.917" endtime="20211124 16:21:14.990"/>
</kw>
<kw name="Wait for text on Screen" library="common">
<arg>${Set_Location}</arg>
<kw name="Wait Until Page Contains" library="AppiumLibrary">
<arg>${text}</arg>
<arg>timeout=20s</arg>
<doc>Waits until `text` appears on current page.</doc>
<status status="PASS" starttime="20211124 16:21:14.991" endtime="20211124 16:21:17.097"/>
</kw>
<status status="PASS" starttime="20211124 16:21:14.990" endtime="20211124 16:21:17.098"/>
</kw>
<kw name="Input Text" library="AppiumLibrary">
<arg>${Search_Location}</arg>
<arg>${Location_Name}</arg>
<doc>Types the given `text` into text field identified by `locator`.</doc>
<msg timestamp="20211124 16:21:17.107" level="INFO">Typing text 'Giri' into text field 'id=act_select_location_etSearchLocation'</msg>
<status status="PASS" starttime="20211124 16:21:17.098" endtime="20211124 16:21:19.853"/>
</kw>
<kw name="Wait for text on Screen and click Text" library="common">
<arg>${Full_Location}</arg>
<kw name="Wait Until Page Contains" library="AppiumLibrary">
<arg>${text}</arg>
<arg>timeout=20s</arg>
<doc>Waits until `text` appears on current page.</doc>
<status status="PASS" starttime="20211124 16:21:19.856" endtime="20211124 16:21:21.211"/>
</kw>
<kw name="Click Text" library="AppiumLibrary">
<arg>${text}</arg>
<arg>timeout=20s</arg>
<doc>Click text identified by ``text``.</doc>
<status status="PASS" starttime="20211124 16:21:21.211" endtime="20211124 16:21:21.369"/>
</kw>
<status status="PASS" starttime="20211124 16:21:19.854" endtime="20211124 16:21:21.370"/>
</kw>
<kw name="Wait for text on Screen and click Text" library="common">
<arg>${apna}</arg>
<kw name="Wait Until Page Contains" library="AppiumLibrary">
<arg>${text}</arg>
<arg>timeout=20s</arg>
<doc>Waits until `text` appears on current page.</doc>
<status status="PASS" starttime="20211124 16:21:21.373" endtime="20211124 16:21:23.099"/>
</kw>
<kw name="Click Text" library="AppiumLibrary">
<arg>${text}</arg>
<arg>timeout=20s</arg>
<doc>Click text identified by ``text``.</doc>
<status status="PASS" starttime="20211124 16:21:23.100" endtime="20211124 16:21:23.462"/>
</kw>
<status status="PASS" starttime="20211124 16:21:21.370" endtime="20211124 16:21:23.463"/>
</kw>
<kw name="Click Element" library="AppiumLibrary">
<arg>${Select_Female}</arg>
<doc>Click element identified by `locator`.</doc>
<msg timestamp="20211124 16:21:23.475" level="INFO">Clicking element 'id=btn_gender_female'.</msg>
<status status="PASS" starttime="20211124 16:21:23.465" endtime="20211124 16:21:23.672"/>
</kw>
<status status="PASS" starttime="20211124 16:21:01.774" endtime="20211124 16:21:23.673"/>
</kw>
<kw name="Click on Next" library="apna_user_login">
<kw name="Wait for Element to be Enabled" library="common">
<arg>${Next_Button1}</arg>
<kw name="Element Should Be Enabled" library="AppiumLibrary">
<arg>${element}</arg>
<arg>timeout=20s</arg>
<doc>Verifies that element identified with locator is enabled.</doc>
<msg timestamp="20211124 16:21:24.281" level="INFO">Element 'id=act_profile_info_btn_continue' is enabled .</msg>
<status status="PASS" starttime="20211124 16:21:23.678" endtime="20211124 16:21:24.281"/>
</kw>
<status status="PASS" starttime="20211124 16:21:23.676" endtime="20211124 16:21:24.281"/>
</kw>
<kw name="Is Keyboard Shown" library="AppiumLibrary">
<doc>Return true if Android keyboard is displayed or False if not displayed
No parameters are used.</doc>
<status status="PASS" starttime="20211124 16:21:24.281" endtime="20211124 16:21:24.455"/>
</kw>
<kw name="Wait for Element to be Visible" library="common">
<arg>${Next_Button1}</arg>
<kw name="Wait Until Element Is Visible" library="AppiumLibrary">
<arg>${element}</arg>
<arg>timeout=20s</arg>
<doc>Waits until element specified with `locator` is visible.</doc>
<status status="PASS" starttime="20211124 16:21:24.456" endtime="20211124 16:21:24.514"/>
</kw>
<status status="PASS" starttime="20211124 16:21:24.455" endtime="20211124 16:21:24.515"/>
</kw>
<kw name="Click Text" library="AppiumLibrary">
<arg>${Next}</arg>
<doc>Click text identified by ``text``.</doc>
<status status="PASS" starttime="20211124 16:21:24.515" endtime="20211124 16:21:24.660"/>
</kw>
<status status="PASS" starttime="20211124 16:21:23.675" endtime="20211124 16:21:24.660"/>
</kw>
<status status="PASS" starttime="20211124 16:21:01.772" endtime="20211124 16:21:24.663"/>
</test>
<test id="s1-t5" name="Experience Details">
<kw name="Select Work Experience" library="apna_user_login">
<kw name="Wait for text on Screen" library="common">
<arg>${Work}</arg>
<kw name="Wait Until Page Contains" library="AppiumLibrary">
<arg>${text}</arg>
<arg>timeout=20s</arg>
<doc>Waits until `text` appears on current page.</doc>
<status status="PASS" starttime="20211124 16:21:24.670" endtime="20211124 16:21:27.284"/>
</kw>
<status status="PASS" starttime="20211124 16:21:24.669" endtime="20211124 16:21:27.284"/>
</kw>
<kw name="Click Element" library="AppiumLibrary">
<arg>${No_Work_Experience}</arg>
<doc>Click element identified by `locator`.</doc>
<msg timestamp="20211124 16:21:27.292" level="INFO">Clicking element 'id=act_education_btn_fresher'.</msg>
<status status="PASS" starttime="20211124 16:21:27.285" endtime="20211124 16:21:28.076"/>
</kw>
<kw name="Click Text" library="AppiumLibrary">
<arg>${Next}</arg>
<doc>Click text identified by ``text``.</doc>
<status status="PASS" starttime="20211124 16:21:28.076" endtime="20211124 16:21:28.213"/>
</kw>
<status status="PASS" starttime="20211124 16:21:24.668" endtime="20211124 16:21:28.214"/>
</kw>
<status status="PASS" starttime="20211124 16:21:24.666" endtime="20211124 16:21:28.216"/>
</test>
<test id="s1-t6" name="User Education Details">
<kw name="User Enters Highest Qualification" library="apna_user_login">
<kw name="Wait for text on Screen" library="common">
<arg>${Education}</arg>
<kw name="Wait Until Page Contains" library="AppiumLibrary">
<arg>${text}</arg>
<arg>timeout=20s</arg>
<doc>Waits until `text` appears on current page.</doc>
<status status="PASS" starttime="20211124 16:21:28.222" endtime="20211124 16:21:32.142"/>
</kw>
<status status="PASS" starttime="20211124 16:21:28.221" endtime="20211124 16:21:32.142"/>
</kw>
<kw name="Log Source" library="AppiumLibrary">
<doc>Logs and returns the entire html source of the current page or frame.</doc>
<msg timestamp="20211124 16:21:32.666" level="INFO">&lt;?xml version='1.0' encoding='UTF-8' standalone='yes' ?&gt;
&lt;hierarchy index="0" class="hierarchy" rotation="0" width="1080" height="2088"&gt;
  &lt;android.widget.FrameLayout index="0" package="com.apnatime.debug" class="android.widget.FrameLayout" text="" checkable="false" checked="false" clickable="false" enabled="true" focusable="false" focused="false" long-clickable="false" password="false" scrollable="false" selected="false" bounds="[0,0][1080,2088]" displayed="true"&gt;
    &lt;android.widget.LinearLayout index="0" package="com.apnatime.debug" class="android.widget.LinearLayout" text="" checkable="false" checked="false" clickable="false" enabled="true" focusable="false" focused="false" long-clickable="false" password="false" scrollable="false" selected="false" bounds="[0,0][1080,2088]" displayed="true"&gt;
      &lt;android.widget.FrameLayout index="0" package="com.apnatime.debug" class="android.widget.FrameLayout" text="" checkable="false" checked="false" clickable="false" enabled="true" focusable="false" focused="false" long-clickable="false" password="false" scrollable="false" selected="false" bounds="[0,66][1080,2088]" displayed="true"&gt;
        &lt;android.view.ViewGroup index="0" package="com.apnatime.debug" class="android.view.ViewGroup" text="" resource-id="com.apnatime.debug:id/decor_content_parent" checkable="false" checked="false" clickable="false" enabled="true" focusable="false" focused="false" long-clickable="false" password="false" scrollable="false" selected="false" bounds="[0,66][1080,2088]" displayed="true"&gt;
          &lt;android.widget.FrameLayout index="0" package="com.apnatime.debug" class="android.widget.FrameLayout" text="" resource-id="com.apnatime.debug:id/action_bar_container" checkable="false" checked="false" clickable="false" enabled="true" focusable="false" focused="false" long-clickable="false" password="false" scrollable="false" selected="false" bounds="[0,66][1080,220]" displayed="true"&gt;
            &lt;android.view.ViewGroup index="0" package="com.apnatime.debug" class="android.view.ViewGroup" text="" resource-id="com.apnatime.debug:id/action_bar" checkable="false" checked="false" clickable="false" enabled="true" focusable="false" focused="false" long-clickable="false" password="false" scrollable="false" selected="false" bounds="[0,66][1080,220]" displayed="true"&gt;
              &lt;android.widget.ImageButton index="0" package="com.apnatime.debug" class="android.widget.ImageButton" text="" content-desc="Navigate up" checkable="false" checked="false" clickable="true" enabled="true" focusable="true" focused="false" long-clickable="false" password="false" scrollable="false" selected="false" bounds="[0,66][154,220]" displayed="true" /&gt;
              &lt;android.widget.TextView index="1" package="com.apnatime.debug" class="android.widget.TextView" text="apna" checkable="false" checked="false" clickable="false" enabled="true" focusable="false" focused="false" long-clickable="false" password="false" scrollable="false" selected="false" bounds="[198,91][347,194]" displayed="true" /&gt;
            &lt;/android.view.ViewGroup&gt;
          &lt;/android.widget.FrameLayout&gt;
          &lt;android.widget.FrameLayout index="1" package="com.apnatime.debug" class="android.widget.FrameLayout" text="" resource-id="android:id/content" checkable="false" checked="false" clickable="false" enabled="true" focusable="false" focused="false" long-clickable="false" password="false" scrollable="false" selected="false" bounds="[0,220][1080,2088]" displayed="true"&gt;
            &lt;android.view.ViewGroup index="0" package="com.apnatime.debug" class="android.view.ViewGroup" text="" resource-id="com.apnatime.debug:id/cl_education_detail" checkable="false" checked="false" clickable="false" enabled="true" focusable="false" focused="false" long-clickable="false" password="false" scrollable="false" selected="false" bounds="[0,220][1080,2088]" displayed="true"&gt;
              &lt;android.widget.ScrollView index="0" package="com.apnatime.debug" class="android.widget.ScrollView" text="" resource-id="com.apnatime.debug:id/act_education_scrollview" checkable="false" checked="false" clickable="false" enabled="true" focusable="true" focused="false" long-clickable="false" password="false" scrollable="false" selected="false" bounds="[0,220][1080,1884]" displayed="true"&gt;
                &lt;android.view.ViewGroup index="0" package="com.apnatime.debug" class="android.view.ViewGroup" text="" checkable="false" checked="false" clickable="false" enabled="true" focusable="false" focused="false" long-clickable="false" password="false" scrollable="false" selected="false" bounds="[0,220][1080,1812]" displayed="true"&gt;
                  &lt;android.view.View index="0" package="com.apnatime.debug" class="android.view.View" text="" checkable="false" checked="false" clickable="false" enabled="true" focusable="false" focused="false" long-clickable="false" password="false" scrollable="false" selected="false" bounds="[0,220][1080,698]" displayed="true" /&gt;
                  &lt;android.widget.TextView index="1" package="com.apnatime.debug" class="android.widget.TextView" text="Let us make your visiting card" resource-id="com.apnatime.debug:id/act_education_tv_title" checkable="false" checked="false" clickable="false" enabled="true" focusable="false" focused="false" long-clickable="false" password="false" scrollable="false" selected="false" bounds="[0,276][1080,379]" displayed="true" /&gt;
                  &lt;android.widget.LinearLayout index="2" package="com.apnatime.debug" class="android.widget.LinearLayout" text="" resource-id="com.apnatime.debug:id/act_education_visitingcard" checkable="false" checked="false" clickable="false" enabled="true" focusable="false" focused="false" long-clickable="false" password="false" scrollable="false" selected="false" bounds="[29,390][1051,962]" displayed="true"&gt;
                    &lt;android.view.ViewGroup index="0" package="com.apnatime.debug" class="android.view.ViewGroup" text="" checkable="false" checked="false" clickable="false" enabled="true" focusable="false" focused="false" long-clickable="false" password="false" scrollable="false" selected="false" bounds="[29,390][1051,962]" displayed="true"&gt;
                      &lt;android.widget.FrameLayout index="0" package="com.apnatime.debug" class="android.widget.FrameLayout" text="" resource-id="com.apnatime.debug:id/row_car_card_view" checkable="false" checked="false" clickable="false" enabled="true" focusable="false" focused="false" long-clickable="false" password="false" scrollable="false" selected="false" bounds="[72,407][1008,945]" displayed="true"&gt;
                        &lt;android.view.ViewGroup index="0" package="com.apnatime.debug" class="android.view.ViewGroup" text="" checkable="false" checked="false" clickable="false" enabled="true" focusable="false" focused="false" long-clickable="false" password="false" scrollable="false" selected="false" bounds="[72,407][1008,945]" displayed="true"&gt;
                          &lt;android.view.View index="0" package="com.apnatime.debug" class="android.view.View" text="" resource-id="com.apnatime.debug:id/row_card_ll_take_picture" checkable="false" checked="false" clickable="true" enabled="true" focusable="true" focused="false" long-clickable="false" password="false" scrollable="false" selected="false" bounds="[72,407][353,945]" displayed="true" /&gt;
                          &lt;android.widget.ImageView index="1" package="com.apnatime.debug" class="android.widget.ImageView" text="" resource-id="com.apnatime.debug:id/row_card_img_profile" checkable="false" checked="false" clickable="true" enabled="true" focusable="true" focused="false" long-clickable="false" password="false" scrollable="false" selected="false" bounds="[72,407][353,945]" displayed="true" /&gt;
                          &lt;android.view.View index="2" package="com.apnatime.debug" class="android.view.View" text="" checkable="false" checked="false" clickable="false" enabled="true" focusable="false" focused="false" long-clickable="false" password="false" scrollable="false" selected="false" bounds="[353,407][1008,945]" displayed="true" /&gt;
                          &lt;android.widget.TextView index="3" package="com.apnatime.debug" class="android.widget.TextView" text="Akshatha" resource-id="com.apnatime.debug:id/row_card_tv_name" checkable="false" checked="false" clickable="false" enabled="true" focusable="false" focused="false" long-clickable="false" password="false" scrollable="false" selected="false" bounds="[359,555][925,615]" displayed="true" /&gt;
                          &lt;android.view.ViewGroup index="4" package="com.apnatime.debug" class="android.view.ViewGroup" text="" resource-id="com.apnatime.debug:id/education_container" checkable="false" checked="false" clickable="false" enabled="true" focusable="false" focused="false" long-clickable="false" password="false" scrollable="false" selected="false" bounds="[761,615][925,659]" displayed="true"&gt;
                            &lt;android.widget.TextView index="0" package="com.apnatime.debug" class="android.widget.TextView" text="Education" resource-id="com.apnatime.debug:id/row_card_tv_education" checkable="false" checked="false" clickable="false" enabled="true" focusable="false" focused="false" long-clickable="false" password="false" scrollable="false" selected="false" bounds="[761,615][925,659]" displayed="true" /&gt;
                          &lt;/android.view.ViewGroup&gt;
                          &lt;android.widget.TextView index="5" package="com.apnatime.debug" class="android.widget.TextView" text="Giri Nagar" resource-id="com.apnatime.debug:id/row_card_tv_location" checkable="false" checked="false" clickable="false" enabled="true" focusable="false" focused="false" long-clickable="false" password="false" scrollable="false" selected="false" bounds="[363,670][925,714]" displayed="true" /&gt;
                          &lt;android.widget.FrameLayout index="6" package="com.apnatime.debug" class="android.widget.FrameLayout" text="" resource-id="com.apnatime.debug:id/frame" checkable="false" checked="false" clickable="false" enabled="true" focusable="false" focused="false" long-clickable="false" password="false" scrollable="false" selected="false" bounds="[353,850][1008,945]" displayed="true"&gt;
                            &lt;android.widget.TextView index="0" package="com.apnatime.debug" class="android.widget.TextView" text="Bengaluru" resource-id="com.apnatime.debug:id/row_card_tv_mobile" checkable="false" checked="false" clickable="false" enabled="true" focusable="false" focused="false" long-clickable="false" password="false" scrollable="false" selected="false" bounds="[692,872][964,923]" displayed="true" /&gt;
                          &lt;/android.widget.FrameLayout&gt;
                        &lt;/android.view.ViewGroup&gt;
                      &lt;/android.widget.FrameLayout&gt;
                    &lt;/android.view.ViewGroup&gt;
                  &lt;/android.widget.LinearLayout&gt;
                  &lt;android.widget.TextView index="3" package="com.apnatime.debug" class="android.widget.TextView" text="Education Details" resource-id="com.apnatime.debug:id/act_education_tv_select_one" checkable="false" checked="false" clickable="false" enabled="true" focusable="false" focused="false" long-clickable="false" password="false" scrollable="false" selected="false" bounds="[72,1048][1008,1114]" displayed="true" /&gt;
                  &lt;android.widget.LinearLayout index="4" package="com.apnatime.debug" class="android.widget.LinearLayout" text="" resource-id="com.apnatime.debug:id/il_education" checkable="false" checked="false" clickable="false" enabled="true" focusable="false" focused="false" long-clickable="false" password="false" scrollable="false" selected="false" bounds="[72,1155][1008,1273]" displayed="true"&gt;
                    &lt;android.widget.FrameLayout index="0" package="com.apnatime.debug" class="android.widget.FrameLayout" text="" checkable="false" checked="false" clickable="false" enabled="true" focusable="false" focused="false" long-clickable="false" password="false" scrollable="false" selected="false" bounds="[72,1170][1008,1273]" displayed="true"&gt;
                      &lt;android.widget.EditText index="0" package="com.apnatime.debug" class="android.widget.EditText" text="Education" resource-id="com.apnatime.debug:id/et_education" checkable="false" checked="false" clickable="true" enabled="true" focusable="false" focused="false" long-clickable="true" password="false" scrollable="false" selected="false" bounds="[72,1170][1008,1273]" displayed="true" /&gt;
                    &lt;/android.widget.FrameLayout&gt;
                  &lt;/android.widget.LinearLayout&gt;
                  &lt;android.widget.TextView index="5" package="com.apnatime.debug" class="android.widget.TextView" text="Provide the current or the highest qualification" resource-id="com.apnatime.debug:id/tv_education_detail_info" checkable="false" checked="false" clickable="false" enabled="true" focusable="false" focused="false" long-clickable="false" password="false" scrollable="false" selected="false" bounds="[72,1301][1008,1345]" displayed="true" /&gt;
                &lt;/android.view.ViewGroup&gt;
              &lt;/android.widget.ScrollView&gt;
              &lt;android.widget.Button index="1" package="com.apnatime.debug" class="android.widget.Button" text="Next" resource-id="com.apnatime.debug:id/act_education_btn_continue" checkable="false" checked="false" clickable="true" enabled="true" focusable="true" focused="false" long-clickable="false" password="false" scrollable="false" selected="false" bounds="[72,1884][1008,2016]" displayed="true" /&gt;
            &lt;/android.view.ViewGroup&gt;
          &lt;/android.widget.FrameLayout&gt;
        &lt;/android.view.ViewGroup&gt;
      &lt;/android.widget.FrameLayout&gt;
    &lt;/android.widget.LinearLayout&gt;
  &lt;/android.widget.FrameLayout&gt;
&lt;/hierarchy&gt;</msg>
<status status="PASS" starttime="20211124 16:21:32.143" endtime="20211124 16:21:32.667"/>
</kw>
<kw name="Click Element" library="AppiumLibrary">
<arg>${Education_Details}</arg>
<doc>Click element identified by `locator`.</doc>
<msg timestamp="20211124 16:21:32.674" level="INFO">Clicking element 'id=et_education'.</msg>
<status status="PASS" starttime="20211124 16:21:32.667" endtime="20211124 16:21:32.867"/>
</kw>
<kw name="Click Element At Coordinates" library="AppiumLibrary">
<arg>179</arg>
<arg>1796</arg>
<doc>click element at a certain coordinate</doc>
<msg timestamp="20211124 16:21:32.876" level="INFO">Pressing at (179, 1796).</msg>
<status status="PASS" starttime="20211124 16:21:32.868" endtime="20211124 16:21:34.041"/>
</kw>
<status status="PASS" starttime="20211124 16:21:28.220" endtime="20211124 16:21:34.041"/>
</kw>
<kw name="User Enters Degree Details" library="apna_user_login">
<kw name="Input Text" library="AppiumLibrary">
<arg>${Education_Degree}</arg>
<arg>${Degree}</arg>
<doc>Types the given `text` into text field identified by `locator`.</doc>
<msg timestamp="20211124 16:21:34.051" level="INFO">Typing text 'BTech/BE' into text field 'id=et_degree'</msg>
<status status="PASS" starttime="20211124 16:21:34.043" endtime="20211124 16:21:35.210"/>
</kw>
<kw name="Wait for text on Screen and click Text" library="common">
<arg>${trial}</arg>
<kw name="Wait Until Page Contains" library="AppiumLibrary">
<arg>${text}</arg>
<arg>timeout=20s</arg>
<doc>Waits until `text` appears on current page.</doc>
<status status="PASS" starttime="20211124 16:21:35.211" endtime="20211124 16:21:37.063"/>
</kw>
<kw name="Click Text" library="AppiumLibrary">
<arg>${text}</arg>
<arg>timeout=20s</arg>
<doc>Click text identified by ``text``.</doc>
<status status="PASS" starttime="20211124 16:21:37.063" endtime="20211124 16:21:37.238"/>
</kw>
<status status="PASS" starttime="20211124 16:21:35.210" endtime="20211124 16:21:37.239"/>
</kw>
<status status="PASS" starttime="20211124 16:21:34.042" endtime="20211124 16:21:37.239"/>
</kw>
<kw name="User Enters University Details" library="apna_user_login">
<kw name="Input Text" library="AppiumLibrary">
<arg>${University_Field}</arg>
<arg>${University_Name}</arg>
<doc>Types the given `text` into text field identified by `locator`.</doc>
<msg timestamp="20211124 16:21:37.252" level="INFO">Typing text 'National College, Tiruchirappalli' into text field 'id=et_college'</msg>
<status status="PASS" starttime="20211124 16:21:37.242" endtime="20211124 16:21:38.625"/>
</kw>
<kw name="Wait for text on Screen and click Text" library="common">
<arg>${University_Name}</arg>
<kw name="Wait Until Page Contains" library="AppiumLibrary">
<arg>${text}</arg>
<arg>timeout=20s</arg>
<doc>Waits until `text` appears on current page.</doc>
<status status="PASS" starttime="20211124 16:21:38.627" endtime="20211124 16:21:38.962"/>
</kw>
<kw name="Click Text" library="AppiumLibrary">
<arg>${text}</arg>
<arg>timeout=20s</arg>
<doc>Click text identified by ``text``.</doc>
<status status="PASS" starttime="20211124 16:21:38.962" endtime="20211124 16:21:39.393"/>
</kw>
<status status="PASS" starttime="20211124 16:21:38.626" endtime="20211124 16:21:39.393"/>
</kw>
<kw name="Wait for text on Screen and click Text" library="common">
<arg>${Next}</arg>
<kw name="Wait Until Page Contains" library="AppiumLibrary">
<arg>${text}</arg>
<arg>timeout=20s</arg>
<doc>Waits until `text` appears on current page.</doc>
<status status="PASS" starttime="20211124 16:21:39.394" endtime="20211124 16:21:39.802"/>
</kw>
<kw name="Click Text" library="AppiumLibrary">
<arg>${text}</arg>
<arg>timeout=20s</arg>
<doc>Click text identified by ``text``.</doc>
<status status="PASS" starttime="20211124 16:21:39.802" endtime="20211124 16:21:40.377"/>
</kw>
<status status="PASS" starttime="20211124 16:21:39.393" endtime="20211124 16:21:40.377"/>
</kw>
<status status="PASS" starttime="20211124 16:21:37.240" endtime="20211124 16:21:40.378"/>
</kw>
<status status="PASS" starttime="20211124 16:21:28.218" endtime="20211124 16:21:40.379"/>
</test>
<test id="s1-t7" name="User Category Details">
<kw name="User Enters Job categories" library="apna_user_login">
<kw name="Wait for text on Screen" library="common">
<arg>${Job_Catagory}</arg>
<kw name="Wait Until Page Contains" library="AppiumLibrary">
<arg>${text}</arg>
<arg>timeout=20s</arg>
<doc>Waits until `text` appears on current page.</doc>
<status status="PASS" starttime="20211124 16:21:40.384" endtime="20211124 16:21:45.061"/>
</kw>
<status status="PASS" starttime="20211124 16:21:40.383" endtime="20211124 16:21:45.062"/>
</kw>
<kw name="Click Element" library="AppiumLibrary">
<arg>${Accounts}</arg>
<doc>Click element identified by `locator`.</doc>
<msg timestamp="20211124 16:21:45.071" level="INFO">Clicking element 'id=row_super_category'.</msg>
<status status="PASS" starttime="20211124 16:21:45.063" endtime="20211124 16:21:46.135"/>
</kw>
<kw name="Click Element" library="AppiumLibrary">
<arg>${Done}</arg>
<doc>Click element identified by `locator`.</doc>
<msg timestamp="20211124 16:21:46.145" level="INFO">Clicking element 'id=btn_continue'.</msg>
<status status="PASS" starttime="20211124 16:21:46.136" endtime="20211124 16:21:46.800"/>
</kw>
<kw name="Wait for text on Screen and click Text" library="common">
<arg>${Skip}</arg>
<kw name="Wait Until Page Contains" library="AppiumLibrary">
<arg>${text}</arg>
<arg>timeout=20s</arg>
<doc>Waits until `text` appears on current page.</doc>
<status status="PASS" starttime="20211124 16:21:46.802" endtime="20211124 16:21:49.174"/>
</kw>
<kw name="Click Text" library="AppiumLibrary">
<arg>${text}</arg>
<arg>timeout=20s</arg>
<doc>Click text identified by ``text``.</doc>
<status status="PASS" starttime="20211124 16:21:49.174" endtime="20211124 16:21:49.360"/>
</kw>
<status status="PASS" starttime="20211124 16:21:46.801" endtime="20211124 16:21:49.361"/>
</kw>
<kw name="Wait for text on Screen and click Text" library="common">
<arg>${See_Jobs}</arg>
<kw name="Wait Until Page Contains" library="AppiumLibrary">
<arg>${text}</arg>
<arg>timeout=20s</arg>
<doc>Waits until `text` appears on current page.</doc>
<status status="PASS" starttime="20211124 16:21:49.362" endtime="20211124 16:21:53.560"/>
</kw>
<kw name="Click Text" library="AppiumLibrary">
<arg>${text}</arg>
<arg>timeout=20s</arg>
<doc>Click text identified by ``text``.</doc>
<status status="PASS" starttime="20211124 16:21:53.560" endtime="20211124 16:21:53.667"/>
</kw>
<status status="PASS" starttime="20211124 16:21:49.361" endtime="20211124 16:21:53.668"/>
</kw>
<status status="PASS" starttime="20211124 16:21:40.382" endtime="20211124 16:21:53.668"/>
</kw>
<status status="PASS" starttime="20211124 16:21:40.381" endtime="20211124 16:21:53.669"/>
</test>
<status status="PASS" starttime="20211124 16:20:00.735" endtime="20211124 16:21:53.673"/>
</suite>
<statistics>
<total>
<stat pass="7" fail="0" skip="0">All Tests</stat>
</total>
<tag>
</tag>
<suite>
<stat pass="7" fail="0" skip="0" id="s1" name="Login">Login</stat>
</suite>
</statistics>
<errors>
</errors>
</robot>
